<?xml version="1.0" encoding="UTF-8"?>
<!-- Generated by org.testng.reporters.JUnitReportReporter -->
<testsuite hostname="WINDOWS-QNEDBQ8" failures="0" tests="9" name="testpkg.Limetest" time="58.206" errors="0" timestamp="2024-06-13T16:33:30 IST" skipped="0">
  <testcase classname="testpkg.Limetest" name="verifytest" time="36.740"/>
  <testcase classname="testpkg.Limetest" name="logo" time="0.068"/>
  <testcase classname="testpkg.Limetest" name="titleverify" time="6.161"/>
  <testcase classname="testpkg.Limetest" name="menus" time="0.336"/>
  <testcase classname="testpkg.Limetest" name="bagsearch" time="2.813"/>
  <testcase classname="testpkg.Limetest" name="kids" time="7.408"/>
  <testcase classname="testpkg.Limetest" name="women" time="2.105"/>
  <testcase classname="testpkg.Limetest" name="men" time="1.621"/>
  <testcase classname="testpkg.Limetest" name="scrnsht" time="0.954"/>
</testsuite> <!-- testpkg.Limetest -->
