<?xml version="1.0" encoding="UTF-8"?>
<!-- Generated by org.testng.reporters.JUnitReportReporter -->
<testsuite hostname="WINDOWS-QNEDBQ8" failures="0" tests="9" name="testpkg.Limetest" time="61.926" errors="0" timestamp="2024-06-13T16:41:32 IST" skipped="0">
  <testcase classname="testpkg.Limetest" name="verifytest" time="36.942"/>
  <testcase classname="testpkg.Limetest" name="logo" time="0.092"/>
  <testcase classname="testpkg.Limetest" name="titleverify" time="6.185"/>
  <testcase classname="testpkg.Limetest" name="menus" time="0.280"/>
  <testcase classname="testpkg.Limetest" name="bagsearch" time="4.814"/>
  <testcase classname="testpkg.Limetest" name="kids" time="7.999"/>
  <testcase classname="testpkg.Limetest" name="women" time="2.477"/>
  <testcase classname="testpkg.Limetest" name="men" time="1.990"/>
  <testcase classname="testpkg.Limetest" name="scrnsht" time="1.147"/>
</testsuite> <!-- testpkg.Limetest -->
